make all --print-data-base --no-builtin-variables --no-builtin-rules --question
# GNU Make 3.81
# Copyright (C) 2006  Free Software Foundation, Inc.
# This is free software; see the source for copying conditions.
# There is NO warranty; not even for MERCHANTABILITY or FITNESS FOR A
# PARTICULAR PURPOSE.

# This program built for i386-apple-darwin11.3.0
 

# Make data base, printed on Tue Aug 23 19:58:15 2022

# Variables

# automatic
<D = $(patsubst %/,%,$(dir $<))
# automatic
?F = $(notdir $?)
# automatic
?D = $(patsubst %/,%,$(dir $?))
# automatic
@D = $(patsubst %/,%,$(dir $@))
# automatic
@F = $(notdir $@)
# makefile
CURDIR := /Users/mkhan/Desktop/minishell
# makefile
SHELL = /bin/sh
# environment
VSCODE_NLS_CONFIG = {"locale":"en-us","availableLanguages":{},"_languagePackSupport":true}
# environment
_ = /usr/bin/make
# makefile (from `Makefile', line 31)
CFLAGS = -Werror -Wall -Wextra -g -fsanitize=address
# makefile (from `Makefile', line 1)
MAKEFILE_LIST :=  Makefile
# makefile (from `Makefile', line 27)
OBJS := tokenization/tokenization.o tokenization/expansion.o tokenization/tokenization2.o tokenization/wildcard.o tokenization/split_wildcard.o tokenization/print_tokens.o tokenization/free_funcs.o tokenization/tokenization3.o tokenization/join_tokens.o parsing/parsing.o parsing/parsing_utils.o utils.o main.o exec/ft_echo.o
# environment
VSCODE_CWD = /
# environment
PATH = /usr/local/bin:/usr/bin:/bin:/usr/sbin:/sbin:/usr/local/munki:/Users/mkhan/Documents/42-ValgrindContainer:/Users/mkhan/goinfre/flutter/bin
# environment
ELECTRON_RUN_AS_NODE = 1
# default
.FEATURES := target-specific order-only second-expansion else-if archives jobserver check-symlink
# environment
SSH_AUTH_SOCK = /private/tmp/com.apple.launchd.piFjPnu058/Listeners
# automatic
%F = $(notdir $%)
# environment
PWD = /Users/mkhan/Desktop/minishell
# environment
ORIGINAL_XDG_CURRENT_DESKTOP = undefined
# environment
VSCODE_AMD_ENTRYPOINT = vs/workbench/api/node/extensionHostProcess
# environment
HOME = /Users/mkhan
# default
MAKEFILEPATH = $(shell /usr/bin/xcode-select -print-path 2>/dev/null || echo /Developer)/Makefiles
# environment
VSCODE_CODE_CACHE_PATH = /Users/mkhan/Library/Application Support/Code/CachedData/e4503b30fc78200f846c62cf8091b76ff5547662
# environment
LOGNAME = mkhan
# environment
APPLICATION_INSIGHTS_NO_DIAGNOSTIC_CHANNEL = true
# environment
VSCODE_HANDLES_UNCAUGHT_ERRORS = true
# automatic
^D = $(patsubst %/,%,$(dir $^))
# environment
XPC_FLAGS = 0x0
# default
MAKE = $(MAKE_COMMAND)
# default
MAKECMDGOALS := all
# makefile (from `Makefile', line 25)
SRCS = $(TOKENIZATION_SRCS) $(PARSING_SRCS) utils.c main.c exec/ft_echo.c
# environment
SHLVL = 1
# makefile (from `Makefile', line 32)
LIBFT = libft/libft.a
# makefile (from `Makefile', line 30)
CC = cc
# default
MAKE_VERSION := 3.81
# environment
USER = mkhan
# makefile (from `Makefile', line 21)
PARSING_SRCS := parsing/parsing.c parsing/parsing_utils.c
# makefile
.DEFAULT_GOAL := all
# makefile (from `Makefile', line 29)
NAME = minishell
# automatic
%D = $(patsubst %/,%,$(dir $%))
# default
MAKE_COMMAND := /Library/Developer/CommandLineTools/usr/bin/make
# default
.VARIABLES := 
# environment
TMPDIR = /var/folders/zz/zyxvpxvq6csfxvn_n000ccg400333s/T/
# automatic
*F = $(notdir $*)
# environment
VSCODE_IPC_HOOK = /Users/mkhan/Library/Application Support/Code/1.70.2-main.sock
# environment
MallocNanoZone = 0
# makefile
MAKEFLAGS = Rrqp
# environment
MFLAGS = -Rrqp
# automatic
*D = $(patsubst %/,%,$(dir $*))
# environment
XPC_SERVICE_NAME = com.microsoft.VSCode.1336
# automatic
+D = $(patsubst %/,%,$(dir $+))
# automatic
+F = $(notdir $+)
# environment
__CF_USER_TEXT_ENCODING = 0x18C79:0x0:0x0
# default
MAKEFILES := 
# automatic
<F = $(notdir $<)
# makefile (from `Makefile', line 17)
TOKENIZATION_SRCS := tokenization/tokenization.c tokenization/expansion.c tokenization/tokenization2.c tokenization/wildcard.c tokenization/split_wildcard.c tokenization/print_tokens.c tokenization/free_funcs.c tokenization/tokenization3.c tokenization/join_tokens.c
# environment
LC_ALL = C
# automatic
^F = $(notdir $^)
# default
SUFFIXES := 
# default
.INCLUDE_DIRS = /usr/local/include
# environment
MAKELEVEL := 0
# environment
LANG = C
# environment
VSCODE_PID = 3890
# variable set hash-table stats:
# Load=64/1024=6%, Rehash=0, Collisions=3/103=3%

# Pattern-specific Variable Values

# No pattern-specific variable values.

# Directories

# . (device 16777225, inode 1255770): 20 files, no impossibilities.

# 20 files, no impossibilities in 1 directories.

# Implicit Rules

# No implicit rules.

# Files

# Not a target:
tokenization/free_funcs.o:
#  Implicit rule search has been done.
#  Last modified 2022-08-23 17:59:41
#  File has been updated.
#  Successfully updated.
# variable set hash-table stats:
# Load=0/32=0%, Rehash=0, Collisions=0/0=0%

# Not a target:
tokenization/tokenization.o:
#  Implicit rule search has been done.
#  Last modified 2022-08-23 17:59:41
#  File has been updated.
#  Successfully updated.
# variable set hash-table stats:
# Load=0/32=0%, Rehash=0, Collisions=0/0=0%

# Not a target:
tokenization/print_tokens.o:
#  Implicit rule search has been done.
#  Last modified 2022-08-23 17:59:41
#  File has been updated.
#  Successfully updated.
# variable set hash-table stats:
# Load=0/32=0%, Rehash=0, Collisions=0/0=0%

all: minishell
#  Command-line target.
#  Implicit rule search has been done.
#  File does not exist.
#  File has been updated.
#  Successfully updated.
# variable set hash-table stats:
# Load=0/32=0%, Rehash=0, Collisions=0/0=0%

# Not a target:
.SUFFIXES:
#  Implicit rule search has not been done.
#  Modification time never checked.
#  File has not been updated.

# Not a target:
parsing/parsing_utils.o:
#  Implicit rule search has been done.
#  Last modified 2022-08-23 17:59:41
#  File has been updated.
#  Successfully updated.
# variable set hash-table stats:
# Load=0/32=0%, Rehash=0, Collisions=0/0=0%

# Not a target:
Makefile:
#  Implicit rule search has been done.
#  Last modified 2022-08-23 17:57:40
#  File has been updated.
#  Successfully updated.
# variable set hash-table stats:
# Load=0/32=0%, Rehash=0, Collisions=0/0=0%

# Not a target:
tokenization/join_tokens.o:
#  Implicit rule search has been done.
#  Last modified 2022-08-23 17:59:41
#  File has been updated.
#  Successfully updated.
# variable set hash-table stats:
# Load=0/32=0%, Rehash=0, Collisions=0/0=0%

# Not a target:
tokenization/wildcard.o:
#  Implicit rule search has been done.
#  Last modified 2022-08-23 17:59:41
#  File has been updated.
#  Successfully updated.
# variable set hash-table stats:
# Load=0/32=0%, Rehash=0, Collisions=0/0=0%

minishell: tokenization/tokenization.o tokenization/expansion.o tokenization/tokenization2.o tokenization/wildcard.o tokenization/split_wildcard.o tokenization/print_tokens.o tokenization/free_funcs.o tokenization/tokenization3.o tokenization/join_tokens.o parsing/parsing.o parsing/parsing_utils.o utils.o main.o exec/ft_echo.o libft/libft.a
#  Implicit rule search has not been done.
#  Last modified 2022-08-23 18:09:46
#  File has been updated.
#  Successfully updated.
# variable set hash-table stats:
# Load=0/32=0%, Rehash=0, Collisions=0/0=0%
#  commands to execute (from `Makefile', line 37):
	$(CC) $(CFLAGS) $(OBJS) -o $(NAME) -L/usr/local/lib -I/usr/local/include -lreadline $(LIBFT)
	

libft/libft.a:
#  Implicit rule search has not been done.
#  Last modified 2022-08-23 17:59:43
#  File has been updated.
#  Successfully updated.
#  commands to execute (from `Makefile', line 40):
	make -C libft
	

# Not a target:
tokenization/tokenization2.o:
#  Implicit rule search has been done.
#  Last modified 2022-08-23 17:59:41
#  File has been updated.
#  Successfully updated.
# variable set hash-table stats:
# Load=0/32=0%, Rehash=0, Collisions=0/0=0%

fclean: clean
#  Implicit rule search has not been done.
#  Modification time never checked.
#  File has not been updated.
#  commands to execute (from `Makefile', line 50):
	make -C libft fclean
	rm -f $(NAME)
	

# Not a target:
tokenization/split_wildcard.o:
#  Implicit rule search has been done.
#  Last modified 2022-08-23 17:59:41
#  File has been updated.
#  Successfully updated.
# variable set hash-table stats:
# Load=0/32=0%, Rehash=0, Collisions=0/0=0%

norm:
#  Implicit rule search has not been done.
#  Modification time never checked.
#  File has not been updated.
#  commands to execute (from `Makefile', line 44):
	norminette | grep Error
	

# Not a target:
.DEFAULT:
 
#  Implicit rule search has not been done.
#  Modification time never checked.
#  File has not been updated.

# Not a target:
tokenization/expansion.o:
#  Implicit rule search has been done.
#  Last modified 2022-08-23 17:59:41
#  File has been updated.
#  Successfully updated.
# variable set hash-table stats:
# Load=0/32=0%, Rehash=0, Collisions=0/0=0%

# Not a target:
parsing/parsing.o:
#  Implicit rule search has been done.
#  Last modified 2022-08-23 18:09:28
#  File has been updated.
#  Successfully updated.
# variable set hash-table stats:
# Load=0/32=0%, Rehash=0, Collisions=0/0=0%

re: fclean minishell
#  Implicit rule search has not been done.
#  Modification time never checked.
#  File has not been updated.
#  commands to execute (from `Makefile', line 54):
	

clean:
#  Implicit rule search has not been done.
#  Modification time never checked.
#  File has not been updated.
#  commands to execute (from `Makefile', line 47):
	rm -f $(OBJS)
	

# Not a target:
utils.o:
#  Implicit rule search has been done.
#  Last modified 2022-08-23 17:59:41
#  File has been updated.
#  Successfully updated.
# variable set hash-table stats:
# Load=0/32=0%, Rehash=0, Collisions=0/0=0%

# Not a target:
main.o:
#  Implicit rule search has been done.
#  Last modified 2022-08-23 18:09:46
#  File has been updated.
#  Successfully updated.
# variable set hash-table stats:
# Load=0/32=0%, Rehash=0, Collisions=0/0=0%

# Not a target:
tokenization/tokenization3.o:
#  Implicit rule search has been done.
#  Last modified 2022-08-23 17:59:41
#  File has been updated.
#  Successfully updated.
# variable set hash-table stats:
# Load=0/32=0%, Rehash=0, Collisions=0/0=0%

# Not a target:
exec/ft_echo.o:
#  Implicit rule search has been done.
#  Last modified 2022-08-23 18:09:46
#  File has been updated.
#  Successfully updated.
# variable set hash-table stats:
# Load=0/32=0%, Rehash=0, Collisions=0/0=0%

# files hash-table stats:
# Load=24/1024=2%, Rehash=0, Collisions=0/56=0%
# VPATH Search Paths

# No `vpath' search paths.

# No general (`VPATH' variable) search path.

# # of strings in strcache: 1
# # of strcache buffers: 1
# strcache size: total = 4096 / max = 4096 / min = 4096 / avg = 4096
# strcache free: total = 4087 / max = 4087 / min = 4087 / avg = 4087

# Finished Make data base on Tue Aug 23 19:58:15 2022

 
